# JRE version: Java(TM) SE Runtime Environment (19.0.1+10) (build 19.0.1+10-21)
# Java VM: Java HotSpot(TM) 64-Bit Server VM (19.0.1+10-21, mixed mode, sharing, tiered, compressed oops, compressed class ptrs, g1 gc, windows-amd64)
GC Precious Log:
 CardTable entry size: 512
 Card Set container configuration: InlinePtr #cards 5 size 8 Array Of Cards #cards 12 size 40 Howl #buckets 4 coarsen threshold 1843 Howl Bitmap #cards 512 size 80 coarsen threshold 460 Card regions per heap region 1 cards per card region 2048
 CPUs: 12 total, 12 available
 Memory: 7549M
 Large Page Support: Disabled
 NUMA Support: Disabled
 Compressed Oops: Enabled (32-bit)
 Heap Region Size: 1M
 Heap Min Capacity: 8M
 Heap Initial Capacity: 118M
 Heap Max Capacity: 1888M
 Pre-touch: Disabled
 Parallel Workers: 10
 Concurrent Workers: 3
 Concurrent Refinement Workers: 10
 Periodic GC: Disabled
Heap:
 garbage-first heap   total 65536K, used 31058K [0x000000008a000000, 0x0000000100000000)
  region size 1024K, 10 young (10240K), 3 survivors (3072K)
 Metaspace       used 64748K, committed 65344K, reserved 1114112K
  class space    used 8212K, committed 8512K, reserved 1048576K
GC Heap History (20 events):
Event: 4.879 GC heap before
{Heap before GC invocations=14 (full 0):
 garbage-first heap   total 65536K, used 50926K [0x000000008a000000, 0x0000000100000000)
  region size 1024K, 33 young (33792K), 1 survivors (1024K)
 Metaspace       used 45665K, committed 46208K, reserved 1114112K
  class space    used 5561K, committed 5824K, reserved 1048576K
}
Event: 4.881 GC heap after
{Heap after GC invocations=15 (full 0):
 garbage-first heap   total 65536K, used 19973K [0x000000008a000000, 0x0000000100000000)
  region size 1024K, 2 young (2048K), 2 survivors (2048K)
 Metaspace       used 45665K, committed 46208K, reserved 1114112K
  class space    used 5561K, committed 5824K, reserved 1048576K
}
Event: 5.153 GC heap before
{Heap before GC invocations=15 (full 0):
 garbage-first heap   total 65536K, used 50693K [0x000000008a000000, 0x0000000100000000)
  region size 1024K, 33 young (33792K), 2 survivors (2048K)
 Metaspace       used 49611K, committed 50176K, reserved 1114112K
  class space    used 6137K, committed 6400K, reserved 1048576K
}
Event: 5.156 GC heap after
{Heap after GC invocations=16 (full 0):
 garbage-first heap   total 65536K, used 20504K [0x000000008a000000, 0x0000000100000000)
  region size 1024K, 2 young (2048K), 2 survivors (2048K)
 Metaspace       used 49611K, committed 50176K, reserved 1114112K
  class space    used 6137K, committed 6400K, reserved 1048576K
}
Event: 5.467 GC heap before
{Heap before GC invocations=16 (full 0):
 garbage-first heap   total 65536K, used 53272K [0x000000008a000000, 0x0000000100000000)
  region size 1024K, 34 young (34816K), 2 survivors (2048K)
 Metaspace       used 52619K, committed 53120K, reserved 1114112K
  class space    used 6664K, committed 6912K, reserved 1048576K
}
Event: 5.469 GC heap after
{Heap after GC invocations=17 (full 0):
 garbage-first heap   total 65536K, used 21092K [0x000000008a000000, 0x0000000100000000)
  region size 1024K, 3 young (3072K), 3 survivors (3072K)
 Metaspace       used 52619K, committed 53120K, reserved 1114112K
  class space    used 6664K, committed 6912K, reserved 1048576K
}
Event: 5.782 GC heap before
{Heap before GC invocations=17 (full 0):
 garbage-first heap   total 65536K, used 52836K [0x000000008a000000, 0x0000000100000000)
  region size 1024K, 34 young (34816K), 3 survivors (3072K)
 Metaspace       used 55717K, committed 56320K, reserved 1114112K
  class space    used 7021K, committed 7296K, reserved 1048576K
}
Event: 5.785 GC heap after
{Heap after GC invocations=18 (full 0):
 garbage-first heap   total 65536K, used 22417K [0x000000008a000000, 0x0000000100000000)
  region size 1024K, 4 young (4096K), 4 survivors (4096K)
 Metaspace       used 55717K, committed 56320K, reserved 1114112K
  class space    used 7021K, committed 7296K, reserved 1048576K
}
Event: 6.137 GC heap before
{Heap before GC invocations=18 (full 0):
 garbage-first heap   total 65536K, used 53137K [0x000000008a000000, 0x0000000100000000)
  region size 1024K, 34 young (34816K), 4 survivors (4096K)
 Metaspace       used 58036K, committed 58560K, reserved 1114112K
  class space    used 7365K, committed 7616K, reserved 1048576K
}
Event: 6.141 GC heap after
{Heap after GC invocations=19 (full 0):
 garbage-first heap   total 65536K, used 23773K [0x000000008a000000, 0x0000000100000000)
  region size 1024K, 4 young (4096K), 4 survivors (4096K)
 Metaspace       used 58036K, committed 58560K, reserved 1114112K
  class space    used 7365K, committed 7616K, reserved 1048576K
}
Event: 6.368 GC heap before
{Heap before GC invocations=19 (full 0):
 garbage-first heap   total 65536K, used 45277K [0x000000008a000000, 0x0000000100000000)
  region size 1024K, 26 young (26624K), 4 survivors (4096K)
 Metaspace       used 59687K, committed 60160K, reserved 1114112K
  class space    used 7574K, committed 7808K, reserved 1048576K
}
Event: 6.372 GC heap after
{Heap after GC invocations=20 (full 0):
 garbage-first heap   total 65536K, used 24964K [0x000000008a000000, 0x0000000100000000)
  region size 1024K, 3 young (3072K), 3 survivors (3072K)
 Metaspace       used 59687K, committed 60160K, reserved 1114112K
  class space    used 7574K, committed 7808K, reserved 1048576K
}
Event: 19.023 GC heap before
{Heap before GC invocations=21 (full 0):
 garbage-first heap   total 65536K, used 52612K [0x000000008a000000, 0x0000000100000000)
  region size 1024K, 31 young (31744K), 3 survivors (3072K)
 Metaspace       used 62099K, committed 62656K, reserved 1114112K
  class space    used 7938K, committed 8192K, reserved 1048576K
}
Event: 19.026 GC heap after
{Heap after GC invocations=22 (full 0):
 garbage-first heap   total 65536K, used 25899K [0x000000008a000000, 0x0000000100000000)
  region size 1024K, 3 young (3072K), 3 survivors (3072K)
 Metaspace       used 62099K, committed 62656K, reserved 1114112K
  class space    used 7938K, committed 8192K, reserved 1048576K
}
Event: 19.034 GC heap before
{Heap before GC invocations=22 (full 0):
 garbage-first heap   total 65536K, used 26923K [0x000000008a000000, 0x0000000100000000)
  region size 1024K, 4 young (4096K), 3 survivors (3072K)
 Metaspace       used 62221K, committed 62848K, reserved 1114112K
  class space    used 7952K, committed 8256K, reserved 1048576K
}
Event: 19.036 GC heap after
{Heap after GC invocations=23 (full 0):
 garbage-first heap   total 65536K, used 25937K [0x000000008a000000, 0x0000000100000000)
  region size 1024K, 1 young (1024K), 1 survivors (1024K)
 Metaspace       used 62221K, committed 62848K, reserved 1114112K
  class space    used 7952K, committed 8256K, reserved 1048576K
}
Event: 136.089 GC heap before
{Heap before GC invocations=23 (full 0):
 garbage-first heap   total 65536K, used 46417K [0x000000008a000000, 0x0000000100000000)
  region size 1024K, 23 young (23552K), 1 survivors (1024K)
 Metaspace       used 64184K, committed 64768K, reserved 1114112K
  class space    used 8201K, committed 8448K, reserved 1048576K
}
Event: 136.121 GC heap after
{Heap after GC invocations=24 (full 1):
 garbage-first heap   total 65536K, used 22317K [0x000000008a000000, 0x0000000100000000)
  region size 1024K, 0 young (0K), 0 survivors (0K)
 Metaspace       used 64184K, committed 64768K, reserved 1114112K
  class space    used 8201K, committed 8448K, reserved 1048576K
}
Event: 136.705 GC heap before
{Heap before GC invocations=24 (full 1):
 garbage-first heap   total 65536K, used 52013K [0x000000008a000000, 0x0000000100000000)
  region size 1024K, 29 young (29696K), 0 survivors (0K)
 Metaspace       used 64551K, committed 65216K, reserved 1114112K
  class space    used 8208K, committed 8512K, reserved 1048576K
}
Event: 136.707 GC heap after
{Heap after GC invocations=25 (full 1):
 garbage-first heap   total 65536K, used 24914K [0x000000008a000000, 0x0000000100000000)
  region size 1024K, 3 young (3072K), 3 survivors (3072K)
 Metaspace       used 64551K, committed 65216K, reserved 1114112K
  class space    used 8208K, committed 8512K, reserved 1048576K
}

